<?xml version="1.0" encoding="UTF-8"?>
<robot generator="Robot 7.0 (Python 3.11.4 on win32)" generated="2024-02-21T20:49:59.034300" rpa="false" schemaversion="5">
<suite id="s1" name="TC 003 BDD" source="C:\Users\bibhu\Documents\RobotAutomation\TestCases\TC_003_BDD.robot">
<test id="s1-t1" name="Test CASe In BDD" line="8">
<kw name="Given Start Browser and Maximize" owner="Resources1">
<kw name="Open Browser" owner="SeleniumLibrary">
<msg time="2024-02-21T20:49:59.200656" level="INFO">Opening browser 'Chrome' to base url 'http://www.thetestingworld.com/testings'.</msg>
<arg>${URL2}</arg>
<arg>${Browser}</arg>
<doc>Opens a new browser instance to the optional ``url``.</doc>
<status status="PASS" start="2024-02-21T20:49:59.199638" elapsed="2.745620"/>
</kw>
<kw name="Maximize Browser Window" owner="SeleniumLibrary">
<doc>Maximizes current browser window.</doc>
<status status="PASS" start="2024-02-21T20:50:01.945258" elapsed="0.118136"/>
</kw>
<doc>This is for opening the browser</doc>
<timeout value="5 seconds"/>
<status status="PASS" start="2024-02-21T20:49:59.199638" elapsed="2.863756"/>
</kw>
<kw name="When Create folder at runtime" owner="Resources1">
<kw name="Create Folder" owner="UserKeywords">
<arg>${foldername}</arg>
<status status="PASS" start="2024-02-21T20:50:02.064391" elapsed="0.000000"/>
</kw>
<kw name="Create Subfolder" owner="UserKeywords">
<arg>${subfoldername}</arg>
<status status="PASS" start="2024-02-21T20:50:02.064391" elapsed="0.000000"/>
</kw>
<kw name="Conact" owner="UserKeywords">
<msg time="2024-02-21T20:50:02.065388" level="INFO">${res} = A A</msg>
<var>${res}</var>
<arg>${foldername}</arg>
<arg>${foldername}</arg>
<status status="PASS" start="2024-02-21T20:50:02.065388" elapsed="0.000000"/>
</kw>
<kw name="Log" owner="BuiltIn">
<msg time="2024-02-21T20:50:02.065388" level="INFO">A A</msg>
<arg>${res}</arg>
<doc>Logs the given message with the given level.</doc>
<status status="PASS" start="2024-02-21T20:50:02.065388" elapsed="0.000000"/>
</kw>
<arg>A</arg>
<arg>B</arg>
<status status="PASS" start="2024-02-21T20:50:02.063394" elapsed="0.001994"/>
</kw>
<kw name="Then CONACT" owner="UserKeywords">
<arg>Hello</arg>
<arg>Bye</arg>
<status status="PASS" start="2024-02-21T20:50:02.066408" elapsed="0.000000"/>
</kw>
<status status="PASS" start="2024-02-21T20:49:59.198642" elapsed="2.867766"/>
</test>
<status status="PASS" start="2024-02-21T20:49:59.035298" elapsed="3.032104"/>
</suite>
<statistics>
<total>
<stat pass="1" fail="0" skip="0">All Tests</stat>
</total>
<tag>
</tag>
<suite>
<stat pass="1" fail="0" skip="0" id="s1" name="TC 003 BDD">TC 003 BDD</stat>
</suite>
</statistics>
<errors>
</errors>
</robot>
